<?xml version="1.0" encoding="UTF-8"?>
<!-- Generated by org.testng.reporters.JUnitReportReporter -->
<testsuite hostname="LMA-5CG50922N4" failures="0" tests="1" name="Onlineshopping.Onlineshopping.CreateAccountTest" time="9.474" errors="0" timestamp="2025-08-04T11:38:14 WEST" skipped="0">
  <testcase classname="Onlineshopping.Onlineshopping.CreateAccountTest" name="testCreateAccount" time="9.474"/>
</testsuite> <!-- Onlineshopping.Onlineshopping.CreateAccountTest -->
